<?xml version="1.0" encoding="UTF-8"?>
<!-- Generated by org.testng.reporters.JUnitXMLReporter -->
<testsuite ignored="0" hostname="LAPTOP-78SV9GGE" failures="0" tests="5" name="Default test" time="4.459" errors="0" timestamp="2023-12-08T21:52:34 IST">
  <testcase classname="testCases.LoginLogoutEndToEnd_TestCases" name="loginToApplication" time="0.472"/>
  <testcase classname="testCases.LoginLogoutEndToEnd_TestCases" name="verifyProductPageTitle" time="0.05"/>
  <testcase classname="testCases.LoginLogoutEndToEnd_TestCases" name="verifyDowndownValuesOfSortOnProductsPage" time="0.122"/>
  <testcase classname="testCases.LoginLogoutEndToEnd_TestCases" name="selectDowndownValues" time="0.141"/>
  <testcase classname="testCases.LoginLogoutEndToEnd_TestCases" name="logoutFromoApplication" time="0.182"/>
</testsuite> <!-- Default test -->
