<?xml version="1.0" encoding="UTF-8"?>
<!-- Generated by org.testng.reporters.JUnitXMLReporter -->
<testsuite ignored="1" hostname="LAPTOP-78SV9GGE" failures="0" tests="5" name="Testing" time="4.474" errors="0" timestamp="2023-12-08T18:53:29 IST">
  <testcase classname="testCases.LoginLogoutEndToEndTestCases" name="loginToApplication" time="0.408"/>
  <testcase classname="testCases.LoginLogoutEndToEndTestCases" name="verifyProductPageTitle" time="0.046"/>
  <testcase classname="testCases.LoginLogoutEndToEndTestCases" name="verifyDowndownValuesOfSortOnProductsPage" time="0.128"/>
  <testcase classname="testCases.LoginLogoutEndToEndTestCases" name="selectDowndownValues" time="0.122"/>
  <testcase classname="testCases.LoginLogoutEndToEndTestCases" name="logoutFromoApplication" time="0.18"/>
  <testcase classname="testCases.ErrorTestScenarios_LoginPage" name="loginWithLockedUser" time="0.0">
    <ignored/>
  </testcase> <!-- loginWithLockedUser -->
</testsuite> <!-- Testing -->
