<?xml version="1.0" encoding="UTF-8"?>
<testng-results ignored="0" total="6" passed="6" failed="0" skipped="0">
  <reporter-output>
  </reporter-output>
  <suite started-at="2023-12-09T15:15:37 IST" name="Suite" finished-at="2023-12-09T15:15:43 IST" duration-ms="6623">
    <groups>
    </groups>
    <test started-at="2023-12-09T15:15:37 IST" name="Test" finished-at="2023-12-09T15:15:43 IST" duration-ms="6623">
      <class name="testCases.ErrorTestScenarios_LoginPage">
        <test-method is-config="true" signature="setup()[pri:0, instance:testCases.ErrorTestScenarios_LoginPage@740cae06]" started-at="2023-12-09T15:15:37 IST" name="setup" finished-at="2023-12-09T15:15:40 IST" duration-ms="2802" status="PASS">
          <reporter-output>
          </reporter-output>
        </test-method> <!-- setup -->
        <test-method is-config="true" signature="initPageObjects()[pri:0, instance:testCases.ErrorTestScenarios_LoginPage@740cae06]" started-at="2023-12-09T15:15:40 IST" name="initPageObjects" finished-at="2023-12-09T15:15:40 IST" duration-ms="29" status="PASS">
          <reporter-output>
          </reporter-output>
        </test-method> <!-- initPageObjects -->
        <test-method signature="loginWithLockedUser(java.lang.String,java.lang.String)[pri:0, instance:testCases.ErrorTestScenarios_LoginPage@740cae06]" started-at="2023-12-09T15:15:40 IST" name="loginWithLockedUser" finished-at="2023-12-09T15:15:40 IST" duration-ms="405" status="PASS">
          <params>
            <param index="0">
              <value>
                <![CDATA[locked_out_user]]>
              </value>
            </param>
            <param index="1">
              <value>
                <![CDATA[secret_sauce]]>
              </value>
            </param>
          </params>
          <reporter-output>
          </reporter-output>
        </test-method> <!-- loginWithLockedUser -->
        <test-method is-config="true" signature="closeBrowser()[pri:0, instance:testCases.ErrorTestScenarios_LoginPage@740cae06]" started-at="2023-12-09T15:15:40 IST" name="closeBrowser" finished-at="2023-12-09T15:15:40 IST" duration-ms="262" status="PASS">
          <reporter-output>
          </reporter-output>
        </test-method> <!-- closeBrowser -->
      </class> <!-- testCases.ErrorTestScenarios_LoginPage -->
      <class name="testCases.LoginLogoutEndToEnd_TestCases">
        <test-method is-config="true" signature="setup()[pri:0, instance:testCases.LoginLogoutEndToEnd_TestCases@6e6f2380]" started-at="2023-12-09T15:15:40 IST" name="setup" finished-at="2023-12-09T15:15:42 IST" duration-ms="1788" status="PASS">
          <reporter-output>
          </reporter-output>
        </test-method> <!-- setup -->
        <test-method is-config="true" signature="initPageObjects()[pri:0, instance:testCases.LoginLogoutEndToEnd_TestCases@6e6f2380]" started-at="2023-12-09T15:15:42 IST" name="initPageObjects" finished-at="2023-12-09T15:15:42 IST" duration-ms="2" status="PASS">
          <reporter-output>
          </reporter-output>
        </test-method> <!-- initPageObjects -->
        <test-method signature="loginToApplication(java.lang.String,java.lang.String)[pri:0, instance:testCases.LoginLogoutEndToEnd_TestCases@6e6f2380]" started-at="2023-12-09T15:15:42 IST" name="loginToApplication" data-provider="active-user-credentials" finished-at="2023-12-09T15:15:42 IST" duration-ms="383" status="PASS">
          <params>
            <param index="0">
              <value>
                <![CDATA[standard_user]]>
              </value>
            </param>
            <param index="1">
              <value>
                <![CDATA[secret_sauce]]>
              </value>
            </param>
          </params>
          <reporter-output>
          </reporter-output>
        </test-method> <!-- loginToApplication -->
        <test-method is-config="true" signature="initPageObjects()[pri:0, instance:testCases.LoginLogoutEndToEnd_TestCases@6e6f2380]" started-at="2023-12-09T15:15:42 IST" name="initPageObjects" finished-at="2023-12-09T15:15:42 IST" duration-ms="1" status="PASS">
          <reporter-output>
          </reporter-output>
        </test-method> <!-- initPageObjects -->
        <test-method signature="verifyProductPageTitle()[pri:1, instance:testCases.LoginLogoutEndToEnd_TestCases@6e6f2380]" started-at="2023-12-09T15:15:42 IST" name="verifyProductPageTitle" finished-at="2023-12-09T15:15:42 IST" depends-on-methods="testCases.LoginLogoutEndToEnd_TestCases.loginToApplication" duration-ms="35" status="PASS">
          <reporter-output>
          </reporter-output>
        </test-method> <!-- verifyProductPageTitle -->
        <test-method is-config="true" signature="initPageObjects()[pri:0, instance:testCases.LoginLogoutEndToEnd_TestCases@6e6f2380]" started-at="2023-12-09T15:15:42 IST" name="initPageObjects" finished-at="2023-12-09T15:15:42 IST" duration-ms="1" status="PASS">
          <reporter-output>
          </reporter-output>
        </test-method> <!-- initPageObjects -->
        <test-method signature="verifyDowndownValuesOfSortOnProductsPage()[pri:2, instance:testCases.LoginLogoutEndToEnd_TestCases@6e6f2380]" started-at="2023-12-09T15:15:42 IST" name="verifyDowndownValuesOfSortOnProductsPage" finished-at="2023-12-09T15:15:43 IST" depends-on-methods="testCases.LoginLogoutEndToEnd_TestCases.loginToApplication" duration-ms="110" status="PASS">
          <reporter-output>
          </reporter-output>
        </test-method> <!-- verifyDowndownValuesOfSortOnProductsPage -->
        <test-method is-config="true" signature="initPageObjects()[pri:0, instance:testCases.LoginLogoutEndToEnd_TestCases@6e6f2380]" started-at="2023-12-09T15:15:43 IST" name="initPageObjects" finished-at="2023-12-09T15:15:43 IST" duration-ms="1" status="PASS">
          <reporter-output>
          </reporter-output>
        </test-method> <!-- initPageObjects -->
        <test-method signature="selectDowndownValues()[pri:3, instance:testCases.LoginLogoutEndToEnd_TestCases@6e6f2380]" started-at="2023-12-09T15:15:43 IST" name="selectDowndownValues" finished-at="2023-12-09T15:15:43 IST" depends-on-methods="testCases.LoginLogoutEndToEnd_TestCases.verifyDowndownValuesOfSortOnProductsPage" duration-ms="120" status="PASS">
          <reporter-output>
          </reporter-output>
        </test-method> <!-- selectDowndownValues -->
        <test-method is-config="true" signature="initPageObjects()[pri:0, instance:testCases.LoginLogoutEndToEnd_TestCases@6e6f2380]" started-at="2023-12-09T15:15:43 IST" name="initPageObjects" finished-at="2023-12-09T15:15:43 IST" duration-ms="2" status="PASS">
          <reporter-output>
          </reporter-output>
        </test-method> <!-- initPageObjects -->
        <test-method signature="logoutFromoApplication()[pri:4, instance:testCases.LoginLogoutEndToEnd_TestCases@6e6f2380]" started-at="2023-12-09T15:15:43 IST" name="logoutFromoApplication" finished-at="2023-12-09T15:15:43 IST" depends-on-methods="testCases.LoginLogoutEndToEnd_TestCases.loginToApplication" duration-ms="172" status="PASS">
          <reporter-output>
          </reporter-output>
        </test-method> <!-- logoutFromoApplication -->
        <test-method is-config="true" signature="closeBrowser()[pri:0, instance:testCases.LoginLogoutEndToEnd_TestCases@6e6f2380]" started-at="2023-12-09T15:15:43 IST" name="closeBrowser" finished-at="2023-12-09T15:15:43 IST" duration-ms="231" status="PASS">
          <reporter-output>
          </reporter-output>
        </test-method> <!-- closeBrowser -->
      </class> <!-- testCases.LoginLogoutEndToEnd_TestCases -->
    </test> <!-- Test -->
  </suite> <!-- Suite -->
</testng-results>
