<?xml version="1.0" encoding="UTF-8"?>
<testsuite xmlns:xsi="http://www.w3.org/2001/XMLSchema-instance" xsi:noNamespaceSchemaLocation="https://maven.apache.org/surefire/maven-surefire-plugin/xsd/surefire-test-report-3.0.xsd" version="3.0" name="TestSuite" time="7.495" tests="6" errors="0" skipped="0" failures="0">
  <properties>
[...]
</properties>
  <testcase name="loginWithLockedUser[locked_out_user, secret_sauce](1)" classname="testCases.ErrorTestScenarios_LoginPage" time="0.409">
    <system-out><![CDATA[E:\Swati\Study\Selenium\Notes\Selenium - Basic Framework\hrm-project/Reports/ExecutionReport_09-12-2023 15-15-37.html
]]></system-out>
    <system-err><![CDATA[Dec 09, 2023 3:15:39 PM org.openqa.selenium.devtools.CdpVersionFinder findNearestMatch
WARNING: Unable to find an exact match for CDP version 119, so returning the closest version found: 115
[main] INFO testBase.TestBase - WebDriver object is created for the browser : chrome
[main] INFO testBase.TestBase - Launching the application URL: https://www.saucedemo.com/
]]></system-err>
  </testcase>
  <testcase name="loginToApplication[standard_user, secret_sauce](1)" classname="testCases.LoginLogoutEndToEnd_TestCases" time="0.382">
    <system-err><![CDATA[[main] INFO testBase.TestBase - Closing the browser....
Dec 09, 2023 3:15:41 PM org.openqa.selenium.devtools.CdpVersionFinder findNearestMatch
WARNING: Unable to find an exact match for CDP version 119, so returning the closest version found: 115
[main] INFO testBase.TestBase - WebDriver object is created for the browser : chrome
[main] INFO testBase.TestBase - Launching the application URL: https://www.saucedemo.com/
]]></system-err>
  </testcase>
  <testcase name="verifyProductPageTitle" classname="testCases.LoginLogoutEndToEnd_TestCases" time="0.035"/>
  <testcase name="verifyDowndownValuesOfSortOnProductsPage" classname="testCases.LoginLogoutEndToEnd_TestCases" time="0.111"/>
  <testcase name="selectDowndownValues" classname="testCases.LoginLogoutEndToEnd_TestCases" time="0.12"/>
  <testcase name="logoutFromoApplication" classname="testCases.LoginLogoutEndToEnd_TestCases" time="0.17"/>
</testsuite>